<?xml version="1.0" encoding="UTF-8"?>
<!-- Generated by org.testng.reporters.JUnitXMLReporter -->
<testsuite ignored="0" hostname="FFE-Subham-Vishwakarma" failures="0" tests="3" name="Default test" time="0.078" errors="0" timestamp="2024-07-15T00:35:57 IST">
  <testcase classname="com.crm.contactTest.CreateContactwithPhoneNumber_DP_test" name="createContactTest" time="0.01"/>
  <testcase classname="com.crm.contactTest.CreateContactwithPhoneNumber_DP_test" name="createContactTest" time="0.002"/>
  <testcase classname="com.crm.contactTest.CreateContactwithPhoneNumber_DP_test" name="createContactTest" time="0.001"/>
</testsuite> <!-- Default test -->
