<?xml version="1.0" encoding="UTF-8"?>
<!-- Generated by org.testng.reporters.JUnitXMLReporter -->
<testsuite ignored="2" hostname="FFE-Asha-R" failures="1" tests="1" name="Default test(failed)" time="22.317" errors="0" timestamp="2024-05-23T11:25:19 IST">
  <testcase classname="practiseTest.SampleInvoiceTest" name="CreateInvoiceTest" time="0.146">
    <failure type="junit.framework.ComparisonFailure" message="expected:&amp;lt;[Administrator - Home - vtiger CRM 5 - Commercial Open Source CRM]&amp;gt; but was:&amp;lt;[Login]&amp;gt;">
      <![CDATA[junit.framework.ComparisonFailure: expected:<[Administrator - Home - vtiger CRM 5 - Commercial Open Source CRM]> but was:<[Login]>
at junit.framework.Assert.assertEquals(Assert.java:85)
at junit.framework.Assert.assertEquals(Assert.java:91)
at practiseTest.SampleInvoiceTest.CreateInvoiceTest(SampleInvoiceTest.java:15)
at java.base/java.util.ArrayList.forEach(ArrayList.java:1511)
... Removed 27 stack frames]]>
    </failure>
  </testcase> <!-- CreateInvoiceTest -->
  <testcase classname="practiseTest.SampleInvoiceTest" name="ActivateSim" time="0.0">
    <ignored/>
  </testcase> <!-- ActivateSim -->
  <testcase classname="practiseTest.SampleInvoiceTest" name="CreateInvoicewithContactTest" time="0.0">
    <ignored/>
  </testcase> <!-- CreateInvoicewithContactTest -->
</testsuite> <!-- Default test(failed) -->
