<?xml version="1.0" encoding="UTF-8"?>
<testng-results ignored="0" total="3" passed="3" failed="0" skipped="0">
  <reporter-output>
  </reporter-output>
  <suite started-at="2024-07-15T00:35:57 IST" name="Default suite" finished-at="2024-07-15T00:35:57 IST" duration-ms="78">
    <groups>
    </groups>
    <test started-at="2024-07-15T00:35:57 IST" name="Default test" finished-at="2024-07-15T00:35:57 IST" duration-ms="78">
      <class name="com.crm.contactTest.CreateContactwithPhoneNumber_DP_test">
        <test-method signature="createContactTest(java.lang.String,java.lang.String,long)[pri:0, instance:com.crm.contactTest.CreateContactwithPhoneNumber_DP_test@59fd97a8]" started-at="2024-07-15T00:35:57 IST" name="createContactTest" data-provider="getData" finished-at="2024-07-15T00:35:57 IST" duration-ms="10" status="PASS">
          <params>
            <param index="0">
              <value>
                <![CDATA[Asha]]>
              </value>
            </param>
            <param index="1">
              <value>
                <![CDATA[R]]>
              </value>
            </param>
            <param index="2">
              <value>
                <![CDATA[9876567122]]>
              </value>
            </param>
          </params>
          <reporter-output>
          </reporter-output>
        </test-method> <!-- createContactTest -->
        <test-method signature="createContactTest(java.lang.String,java.lang.String,long)[pri:0, instance:com.crm.contactTest.CreateContactwithPhoneNumber_DP_test@59fd97a8]" started-at="2024-07-15T00:35:57 IST" name="createContactTest" data-provider="getData" finished-at="2024-07-15T00:35:57 IST" duration-ms="2" status="PASS">
          <params>
            <param index="0">
              <value>
                <![CDATA[Chethan]]>
              </value>
            </param>
            <param index="1">
              <value>
                <![CDATA[SD]]>
              </value>
            </param>
            <param index="2">
              <value>
                <![CDATA[9876567121]]>
              </value>
            </param>
          </params>
          <reporter-output>
          </reporter-output>
        </test-method> <!-- createContactTest -->
        <test-method signature="createContactTest(java.lang.String,java.lang.String,long)[pri:0, instance:com.crm.contactTest.CreateContactwithPhoneNumber_DP_test@59fd97a8]" started-at="2024-07-15T00:35:57 IST" name="createContactTest" data-provider="getData" finished-at="2024-07-15T00:35:57 IST" duration-ms="1" status="PASS">
          <params>
            <param index="0">
              <value>
                <![CDATA[Kavya]]>
              </value>
            </param>
            <param index="1">
              <value>
                <![CDATA[N]]>
              </value>
            </param>
            <param index="2">
              <value>
                <![CDATA[9876567120]]>
              </value>
            </param>
          </params>
          <reporter-output>
          </reporter-output>
        </test-method> <!-- createContactTest -->
      </class> <!-- com.crm.contactTest.CreateContactwithPhoneNumber_DP_test -->
    </test> <!-- Default test -->
  </suite> <!-- Default suite -->
</testng-results>
