<?xml version="1.0" encoding="UTF-8"?>
<!-- Generated by org.testng.reporters.JUnitXMLReporter -->
<testsuite ignored="1" hostname="FFE-Asha-R" failures="0" tests="1" name="Test" time="16.696" errors="0" timestamp="2024-05-18T13:26:38 IST">
  <testcase classname="com.crm.contactTest.CreateContactTest_BaseClass" name="CreateOrGBaseClass" time="9.9"/>
  <testcase classname="com.crm.contactTest.CreateContactTest_BaseClass" name="CreateContact" time="0.0">
    <ignored/>
  </testcase> <!-- CreateContact -->
</testsuite> <!-- Test -->
